<?xml version="1.0" encoding="UTF-8"?>
<!-- Generated by org.testng.reporters.JUnitReportReporter -->
<testsuite skipped="0" hostname="SonyVaio-PC" name="testcases.TestScenario" tests="1" failures="0" timestamp="23 Feb 2019 17:03:15 GMT" time="7.491" errors="0">
  <testcase name="VerifyLogin" time="7.491" classname="testcases.TestScenario"/>
</testsuite> <!-- testcases.TestScenario -->
